<?xml version="1.0" encoding="UTF-8"?>
<!-- Generated by org.testng.reporters.JUnitReportReporter -->
<testsuite hostname="DESKTOP-5VN9JF8" failures="0" tests="1" name="testpackage.BiotiqueTestClass" time="144.253" errors="0" timestamp="2024-12-30T22:31:59 IST" skipped="0">
  <testcase classname="testpackage.BiotiqueTestClass" name="biotiqueTest" time="144.253"/>
</testsuite> <!-- testpackage.BiotiqueTestClass -->
